{"synthetic": false,
 "schemaVersion": "2025-09-10",
 "outputs":
 {"o": ["e0a00acf78d74ccf.olean"],
  "i": "5522ff4e4abd9c3e.ilean",
  "c": "01990752de5ac24b.c"},
 "log":
 [{"message":
   ".> LEAN_PATH=/Users/mdouglas/Documents/GitHub/lgt/.lake/packages/Cli/.lake/build/lib/lean:/Users/mdouglas/Documents/GitHub/lgt/.lake/packages/batteries/.lake/build/lib/lean:/Users/mdouglas/Documents/GitHub/lgt/.lake/packages/Qq/.lake/build/lib/lean:/Users/mdouglas/Documents/GitHub/lgt/.lake/packages/aesop/.lake/build/lib/lean:/Users/mdouglas/Documents/GitHub/lgt/.lake/packages/proofwidgets/.lake/build/lib/lean:/Users/mdouglas/Documents/GitHub/lgt/.lake/packages/importGraph/.lake/build/lib/lean:/Users/mdouglas/Documents/GitHub/lgt/.lake/packages/LeanSearchClient/.lake/build/lib/lean:/Users/mdouglas/Documents/GitHub/lgt/.lake/packages/plausible/.lake/build/lib/lean:/Users/mdouglas/Documents/GitHub/lgt/.lake/packages/GaussianField/.lake/build/lib/lean:/Users/mdouglas/Documents/GitHub/lgt/.lake/packages/mathlib/.lake/build/lib/lean:/Users/mdouglas/Documents/GitHub/lgt/.lake/build/lib/lean /Users/mdouglas/.elan/toolchains/leanprover--lean4---v4.29.0/bin/lean /Users/mdouglas/Documents/GitHub/lgt/LGT/GaugeField/Connection.lean -o /Users/mdouglas/Documents/GitHub/lgt/.lake/build/lib/lean/LGT/GaugeField/Connection.olean -i /Users/mdouglas/Documents/GitHub/lgt/.lake/build/lib/lean/LGT/GaugeField/Connection.ilean -c /Users/mdouglas/Documents/GitHub/lgt/.lake/build/ir/LGT/GaugeField/Connection.c --setup /Users/mdouglas/Documents/GitHub/lgt/.lake/build/ir/LGT/GaugeField/Connection.setup.json --json",
   "level": "trace"},
  {"message": "LGT/GaugeField/Connection.lean:65:8: declaration uses `sorry`",
   "level": "warning"}],
 "inputs":
 [["LGT.GaugeField.Connection:deps",
   [["deps",
     [["LGT/LGT:extraDep", [["@LGT:extraDep", "00000000000006bb"]]],
      ["imports",
       [["LGT.Lattice.CellComplex transitive imports (legacy)",
         "3f983d6a8aa633c9"],
        ["LGT.Lattice.CellComplex:importAllArts", "77c7a8dac25566b5"]]]]],
    ["libs",
     [["import dynlibs", "00000000000006bb"],
      ["package external libraries", "00000000000006bb"],
      ["module dynlibs", "00000000000006bb"],
      ["module plugins", "00000000000006bb"]]]]],
  ["Lean 4.29.0, commit 98dc76e3c0a9b856c9b98726b713fb04fab16740",
   "60bb08ef22408c8a"],
  ["/Users/mdouglas/Documents/GitHub/lgt/LGT/GaugeField/Connection.lean",
   "73e3c6601cde34e2"],
  ["options", [["-DautoImplicit=false", "4a85acb881fd49d0"]]],
  ["isModule: false", "feefd2a0d3a1847e"],
  ["Module.name: LGT.GaugeField.Connection", "b9b20c7733604c85"],
  ["Package.id?: (some LGT)", "065f21043d329d9c"],
  ["Module.leanArgs: #[]", "00000000000006bb"]],
 "depHash": "cd581af5834a5f45"}