{"synthetic": false,
 "schemaVersion": "2025-09-10",
 "outputs":
 {"o": ["ec8e5b0245cc9853.olean"],
  "i": "f39a75cb7a1ae4f3.ilean",
  "c": "aece73036b68beb7.c"},
 "log":
 [{"message":
   ".> LEAN_PATH=/Users/mdouglas/Documents/GitHub/lgt/.lake/packages/Cli/.lake/build/lib/lean:/Users/mdouglas/Documents/GitHub/lgt/.lake/packages/batteries/.lake/build/lib/lean:/Users/mdouglas/Documents/GitHub/lgt/.lake/packages/Qq/.lake/build/lib/lean:/Users/mdouglas/Documents/GitHub/lgt/.lake/packages/aesop/.lake/build/lib/lean:/Users/mdouglas/Documents/GitHub/lgt/.lake/packages/proofwidgets/.lake/build/lib/lean:/Users/mdouglas/Documents/GitHub/lgt/.lake/packages/importGraph/.lake/build/lib/lean:/Users/mdouglas/Documents/GitHub/lgt/.lake/packages/LeanSearchClient/.lake/build/lib/lean:/Users/mdouglas/Documents/GitHub/lgt/.lake/packages/plausible/.lake/build/lib/lean:/Users/mdouglas/Documents/GitHub/lgt/.lake/packages/GaussianField/.lake/build/lib/lean:/Users/mdouglas/Documents/GitHub/lgt/.lake/packages/mathlib/.lake/build/lib/lean:/Users/mdouglas/Documents/GitHub/lgt/.lake/build/lib/lean /Users/mdouglas/.elan/toolchains/leanprover--lean4---v4.29.0/bin/lean /Users/mdouglas/Documents/GitHub/lgt/LGT/Lattice/CellComplex.lean -o /Users/mdouglas/Documents/GitHub/lgt/.lake/build/lib/lean/LGT/Lattice/CellComplex.olean -i /Users/mdouglas/Documents/GitHub/lgt/.lake/build/lib/lean/LGT/Lattice/CellComplex.ilean -c /Users/mdouglas/Documents/GitHub/lgt/.lake/build/ir/LGT/Lattice/CellComplex.c --setup /Users/mdouglas/Documents/GitHub/lgt/.lake/build/ir/LGT/Lattice/CellComplex.setup.json --json",
   "level": "trace"}],
 "inputs":
 [["LGT.Lattice.CellComplex:deps",
   [["deps",
     [["LGT/LGT:extraDep", [["@LGT:extraDep", "00000000000006bb"]]],
      ["imports",
       [["Lattice.Sites transitive imports (legacy)", "ca1928f6a7f822dc"],
        ["Lattice.Sites:importAllArts", "12e1f08b13daeed4"],
        ["Torus.AsymmetricTorus transitive imports (legacy)",
         "8eae3aebf9c410af"],
        ["Torus.AsymmetricTorus:importAllArts", "417dfea2245fe1cf"]]]]],
    ["libs",
     [["import dynlibs", "00000000000006bb"],
      ["package external libraries", "00000000000006bb"],
      ["module dynlibs", "00000000000006bb"],
      ["module plugins", "00000000000006bb"]]]]],
  ["Lean 4.29.0, commit 98dc76e3c0a9b856c9b98726b713fb04fab16740",
   "60bb08ef22408c8a"],
  ["/Users/mdouglas/Documents/GitHub/lgt/LGT/Lattice/CellComplex.lean",
   "ffbd8466dd4d2ff3"],
  ["options", [["-DautoImplicit=false", "4a85acb881fd49d0"]]],
  ["isModule: false", "feefd2a0d3a1847e"],
  ["Module.name: LGT.Lattice.CellComplex", "ca3d1fa07d24179d"],
  ["Package.id?: (some LGT)", "065f21043d329d9c"],
  ["Module.leanArgs: #[]", "00000000000006bb"]],
 "depHash": "4b90c58375354f28"}